<?xml version="1.0" encoding="UTF-8"?>
<!-- Generated by org.testng.reporters.JUnitReportReporter -->
<testsuite hostname="DESKTOP-0OIOU59" failures="0" tests="1" name="testCases.TC002_LoginTest" time="1.974" errors="0" timestamp="2025-04-03T19:02:06 IST" skipped="0">
  <testcase classname="testCases.TC002_LoginTest" name="verifyLogin" time="1.974"/>
</testsuite> <!-- testCases.TC002_LoginTest -->
