<?xml version="1.0" encoding="UTF-8"?>
<!-- Generated by org.testng.reporters.JUnitReportReporter -->
<testsuite hostname="DESKTOP-0OIOU59" failures="0" tests="1" name="testCases.TC001_AccountRegistrationTest" time="4.013" errors="0" timestamp="2025-04-04T00:26:40 IST" skipped="0">
  <testcase classname="testCases.TC001_AccountRegistrationTest" name="verifyAccountRegistration" time="4.013"/>
</testsuite> <!-- testCases.TC001_AccountRegistrationTest -->
